<?xml version="1.0" encoding="UTF-8"?>
<testsuite name="com.bgwb0007.intro.springboot.web.IndexControllerTest" tests="1" skipped="0" failures="0" errors="0" timestamp="2022-06-02T12:51:48" hostname="LAPTOP-OPVE6PBK" time="0.265">
  <properties/>
  <testcase name="메인페이지_로딩" classname="com.bgwb0007.intro.springboot.web.IndexControllerTest" time="0.265"/>
  <system-out><![CDATA[2022-06-02 21:51:45.844  INFO 34464 --- [    Test worker] .b.t.c.SpringBootTestContextBootstrapper : Neither @ContextConfiguration nor @ContextHierarchy found for test class [com.bgwb0007.intro.springboot.web.IndexControllerTest], using SpringBootContextLoader
2022-06-02 21:51:45.845  INFO 34464 --- [    Test worker] o.s.t.c.support.AbstractContextLoader    : Could not detect default resource locations for test class [com.bgwb0007.intro.springboot.web.IndexControllerTest]: no resource found for suffixes {-context.xml, Context.groovy}.
2022-06-02 21:51:45.845  INFO 34464 --- [    Test worker] t.c.s.AnnotationConfigContextLoaderUtils : Could not detect default configuration classes for test class [com.bgwb0007.intro.springboot.web.IndexControllerTest]: IndexControllerTest does not declare any static, non-private, non-final, nested classes annotated with @Configuration.
2022-06-02 21:51:45.861  INFO 34464 --- [    Test worker] .b.t.c.SpringBootTestContextBootstrapper : Found @SpringBootConfiguration com.bgwb0007.intro.springboot.Application for test class com.bgwb0007.intro.springboot.web.IndexControllerTest
2022-06-02 21:51:45.863  INFO 34464 --- [    Test worker] .b.t.c.SpringBootTestContextBootstrapper : Loaded default TestExecutionListener class names from location [META-INF/spring.factories]: [org.springframework.boot.test.autoconfigure.restdocs.RestDocsTestExecutionListener, org.springframework.boot.test.autoconfigure.web.client.MockRestServiceServerResetTestExecutionListener, org.springframework.boot.test.autoconfigure.web.servlet.MockMvcPrintOnlyOnFailureTestExecutionListener, org.springframework.boot.test.autoconfigure.web.servlet.WebDriverTestExecutionListener, org.springframework.boot.test.mock.mockito.MockitoTestExecutionListener, org.springframework.boot.test.mock.mockito.ResetMocksTestExecutionListener, org.springframework.test.context.web.ServletTestExecutionListener, org.springframework.test.context.support.DirtiesContextBeforeModesTestExecutionListener, org.springframework.test.context.support.DependencyInjectionTestExecutionListener, org.springframework.test.context.support.DirtiesContextTestExecutionListener, org.springframework.test.context.transaction.TransactionalTestExecutionListener, org.springframework.test.context.jdbc.SqlScriptsTestExecutionListener]
2022-06-02 21:51:45.863  INFO 34464 --- [    Test worker] .b.t.c.SpringBootTestContextBootstrapper : Using TestExecutionListeners: [org.springframework.test.context.web.ServletTestExecutionListener@738ab3c7, org.springframework.test.context.support.DirtiesContextBeforeModesTestExecutionListener@1feef393, org.springframework.boot.test.mock.mockito.MockitoTestExecutionListener@25173fc7, org.springframework.boot.test.autoconfigure.SpringBootDependencyInjectionTestExecutionListener@64f192ca, org.springframework.test.context.support.DirtiesContextTestExecutionListener@42c30118, org.springframework.test.context.transaction.TransactionalTestExecutionListener@2ad910b8, org.springframework.test.context.jdbc.SqlScriptsTestExecutionListener@362cfb23, org.springframework.boot.test.autoconfigure.restdocs.RestDocsTestExecutionListener@5ea358ee, org.springframework.boot.test.autoconfigure.web.client.MockRestServiceServerResetTestExecutionListener@43249e3, org.springframework.boot.test.autoconfigure.web.servlet.MockMvcPrintOnlyOnFailureTestExecutionListener@668cd50d, org.springframework.boot.test.autoconfigure.web.servlet.WebDriverTestExecutionListener@3728cf1c, org.springframework.boot.test.mock.mockito.ResetMocksTestExecutionListener@7388853f]

  .   ____          _            __ _ _
 /\\ / ___'_ __ _ _(_)_ __  __ _ \ \ \ \
( ( )\___ | '_ | '_| | '_ \/ _` | \ \ \ \
 \\/  ___)| |_)| | | | | || (_| |  ) ) ) )
  '  |____| .__|_| |_|_| |_\__, | / / / /
 =========|_|==============|___/=/_/_/_/
 :: Spring Boot ::        (v2.1.9.RELEASE)

2022-06-02 21:51:45.911  INFO 34464 --- [    Test worker] c.b.i.s.web.IndexControllerTest          : Starting IndexControllerTest on LAPTOP-OPVE6PBK with PID 34464 (started by bgwb0 in C:\Users\bgwb0\Desktop\west-brother)
2022-06-02 21:51:45.911  INFO 34464 --- [    Test worker] c.b.i.s.web.IndexControllerTest          : No active profile set, falling back to default profiles: default
2022-06-02 21:51:46.190  INFO 34464 --- [    Test worker] .s.d.r.c.RepositoryConfigurationDelegate : Bootstrapping Spring Data repositories in DEFAULT mode.
2022-06-02 21:51:46.234  INFO 34464 --- [    Test worker] .s.d.r.c.RepositoryConfigurationDelegate : Finished Spring Data repository scanning in 44ms. Found 4 repository interfaces.
2022-06-02 21:51:46.364  INFO 34464 --- [    Test worker] trationDelegate$BeanPostProcessorChecker : Bean 'org.springframework.transaction.annotation.ProxyTransactionManagementConfiguration' of type [org.springframework.transaction.annotation.ProxyTransactionManagementConfiguration$$EnhancerBySpringCGLIB$$858eee44] is not eligible for getting processed by all BeanPostProcessors (for example: not eligible for auto-proxying)
2022-06-02 21:51:46.761  INFO 34464 --- [    Test worker] o.s.b.w.embedded.tomcat.TomcatWebServer  : Tomcat initialized with port(s): 0 (http)
2022-06-02 21:51:46.803  INFO 34464 --- [    Test worker] o.apache.catalina.core.StandardService   : Starting service [Tomcat]
2022-06-02 21:51:46.804  INFO 34464 --- [    Test worker] org.apache.catalina.core.StandardEngine  : Starting Servlet engine: [Apache Tomcat/9.0.26]
2022-06-02 21:51:47.090  INFO 34464 --- [    Test worker] o.a.c.c.C.[Tomcat].[localhost].[/]       : Initializing Spring embedded WebApplicationContext
2022-06-02 21:51:47.090  INFO 34464 --- [    Test worker] o.s.web.context.ContextLoader            : Root WebApplicationContext: initialization completed in 1176 ms
2022-06-02 21:51:47.363  INFO 34464 --- [    Test worker] com.zaxxer.hikari.HikariDataSource       : HikariPool-2 - Starting...
2022-06-02 21:51:47.364  INFO 34464 --- [    Test worker] com.zaxxer.hikari.HikariDataSource       : HikariPool-2 - Start completed.
2022-06-02 21:51:47.430  INFO 34464 --- [    Test worker] o.hibernate.jpa.internal.util.LogHelper  : HHH000204: Processing PersistenceUnitInfo [
	name: default
	...]
2022-06-02 21:51:47.455  INFO 34464 --- [    Test worker] org.hibernate.dialect.Dialect            : HHH000400: Using dialect: org.hibernate.dialect.H2Dialect
2022-06-02 21:51:47.471  WARN 34464 --- [    Test worker] org.hibernate.cfg.AnnotationBinder       : HHH000457: Joined inheritance hierarchy [com.bgwb0007.intro.springboot.domain.resume.Resume] defined explicit @DiscriminatorColumn.  Legacy Hibernate behavior was to ignore the @DiscriminatorColumn.  However, as part of issue HHH-6911 we now apply the explicit @DiscriminatorColumn.  If you would prefer the legacy behavior, enable the `hibernate.discriminator.ignore_explicit_for_joined` setting (hibernate.discriminator.ignore_explicit_for_joined=true)
Hibernate: drop table contact if exists
Hibernate: drop table posts if exists
Hibernate: drop table profiles if exists
Hibernate: drop table resume if exists
Hibernate: create table contact (id bigint generated by default as identity, created_date timestamp, modified_date timestamp, eng_name varchar(100), logo_file_name varchar(100), logo_path varchar(100), name varchar(100) not null, site_id varchar(250), site_url varchar(250), sort_order integer, profiles_id bigint, primary key (id))
Hibernate: create table posts (id bigint generated by default as identity, created_date timestamp, modified_date timestamp, author varchar(255), content TEXT not null, title varchar(500) not null, primary key (id))
Hibernate: create table profiles (id bigint generated by default as identity, created_date timestamp, modified_date timestamp, content TEXT, name varchar(100) not null, photo_file_name varchar(255), photo_path varchar(255), primary key (id))
Hibernate: create table resume (dtype varchar(31) not null, id bigint generated by default as identity, created_date timestamp, modified_date timestamp, content TEXT, title varchar(250) not null, primary key (id))
Hibernate: alter table contact add constraint FK8iuwtavteankqpqp44xt0p9g5 foreign key (profiles_id) references profiles
2022-06-02 21:51:47.567  INFO 34464 --- [    Test worker] o.h.t.schema.internal.SchemaCreatorImpl  : HHH000476: Executing import script 'org.hibernate.tool.schema.internal.exec.ScriptSourceInputNonExistentImpl@23729dd8'
2022-06-02 21:51:47.567  INFO 34464 --- [    Test worker] j.LocalContainerEntityManagerFactoryBean : Initialized JPA EntityManagerFactory for persistence unit 'default'
2022-06-02 21:51:47.896  INFO 34464 --- [    Test worker] o.h.h.i.QueryTranslatorFactoryInitiator  : HHH000397: Using ASTQueryTranslatorFactory
2022-06-02 21:51:48.331  INFO 34464 --- [    Test worker] o.s.s.concurrent.ThreadPoolTaskExecutor  : Initializing ExecutorService 'applicationTaskExecutor'
2022-06-02 21:51:48.353  WARN 34464 --- [    Test worker] aWebConfiguration$JpaWebMvcConfiguration : spring.jpa.open-in-view is enabled by default. Therefore, database queries may be performed during view rendering. Explicitly configure spring.jpa.open-in-view to disable this warning
2022-06-02 21:51:48.391  INFO 34464 --- [    Test worker] o.s.b.a.w.s.WelcomePageHandlerMapping    : Adding welcome page template: index
2022-06-02 21:51:48.793  INFO 34464 --- [    Test worker] s.a.ScheduledAnnotationBeanPostProcessor : No TaskScheduler/ScheduledExecutorService bean found for scheduled processing
2022-06-02 21:51:48.819  INFO 34464 --- [    Test worker] o.s.b.w.embedded.tomcat.TomcatWebServer  : Tomcat started on port(s): 3994 (http) with context path ''
2022-06-02 21:51:48.820  INFO 34464 --- [    Test worker] c.b.i.s.web.IndexControllerTest          : Started IndexControllerTest in 2.956 seconds (JVM running for 12.107)
2022-06-02 21:51:48.984  INFO 34464 --- [o-auto-1-exec-1] o.a.c.c.C.[Tomcat].[localhost].[/]       : Initializing Spring DispatcherServlet 'dispatcherServlet'
2022-06-02 21:51:48.984  INFO 34464 --- [o-auto-1-exec-1] o.s.web.servlet.DispatcherServlet        : Initializing Servlet 'dispatcherServlet'
2022-06-02 21:51:49.014  INFO 34464 --- [o-auto-1-exec-1] o.s.web.servlet.DispatcherServlet        : Completed initialization in 30 ms
]]></system-out>
  <system-err><![CDATA[]]></system-err>
</testsuite>
