<?xml version="1.0" encoding="UTF-8"?>
<testsuite name="com.bgwb0007.intro.springboot.domain.profiles.ProfilesRepositoryTest" tests="1" skipped="0" failures="0" errors="0" timestamp="2022-06-02T12:51:45" hostname="LAPTOP-OPVE6PBK" time="0.37">
  <properties/>
  <testcase name="프로필_저장_후_전체조회" classname="com.bgwb0007.intro.springboot.domain.profiles.ProfilesRepositoryTest" time="0.37"/>
  <system-out><![CDATA[21:51:38.390 [Test worker] DEBUG org.springframework.test.context.junit4.SpringJUnit4ClassRunner - SpringJUnit4ClassRunner constructor called with [class com.bgwb0007.intro.springboot.domain.profiles.ProfilesRepositoryTest]
21:51:38.398 [Test worker] DEBUG org.springframework.test.context.BootstrapUtils - Instantiating CacheAwareContextLoaderDelegate from class [org.springframework.test.context.cache.DefaultCacheAwareContextLoaderDelegate]
21:51:38.407 [Test worker] DEBUG org.springframework.test.context.BootstrapUtils - Instantiating BootstrapContext using constructor [public org.springframework.test.context.support.DefaultBootstrapContext(java.lang.Class,org.springframework.test.context.CacheAwareContextLoaderDelegate)]
21:51:38.426 [Test worker] DEBUG org.springframework.test.context.BootstrapUtils - Instantiating TestContextBootstrapper for test class [com.bgwb0007.intro.springboot.domain.profiles.ProfilesRepositoryTest] from class [org.springframework.boot.test.context.SpringBootTestContextBootstrapper]
21:51:38.441 [Test worker] INFO org.springframework.boot.test.context.SpringBootTestContextBootstrapper - Neither @ContextConfiguration nor @ContextHierarchy found for test class [com.bgwb0007.intro.springboot.domain.profiles.ProfilesRepositoryTest], using SpringBootContextLoader
21:51:38.450 [Test worker] DEBUG org.springframework.test.context.support.AbstractContextLoader - Did not detect default resource location for test class [com.bgwb0007.intro.springboot.domain.profiles.ProfilesRepositoryTest]: class path resource [com/bgwb0007/intro/springboot/domain/profiles/ProfilesRepositoryTest-context.xml] does not exist
21:51:38.451 [Test worker] DEBUG org.springframework.test.context.support.AbstractContextLoader - Did not detect default resource location for test class [com.bgwb0007.intro.springboot.domain.profiles.ProfilesRepositoryTest]: class path resource [com/bgwb0007/intro/springboot/domain/profiles/ProfilesRepositoryTestContext.groovy] does not exist
21:51:38.451 [Test worker] INFO org.springframework.test.context.support.AbstractContextLoader - Could not detect default resource locations for test class [com.bgwb0007.intro.springboot.domain.profiles.ProfilesRepositoryTest]: no resource found for suffixes {-context.xml, Context.groovy}.
21:51:38.452 [Test worker] INFO org.springframework.test.context.support.AnnotationConfigContextLoaderUtils - Could not detect default configuration classes for test class [com.bgwb0007.intro.springboot.domain.profiles.ProfilesRepositoryTest]: ProfilesRepositoryTest does not declare any static, non-private, non-final, nested classes annotated with @Configuration.
21:51:38.502 [Test worker] DEBUG org.springframework.test.context.support.ActiveProfilesUtils - Could not find an 'annotation declaring class' for annotation type [org.springframework.test.context.ActiveProfiles] and class [com.bgwb0007.intro.springboot.domain.profiles.ProfilesRepositoryTest]
21:51:38.592 [Test worker] DEBUG org.springframework.context.annotation.ClassPathScanningCandidateComponentProvider - Identified candidate component class: file [C:\Users\bgwb0\Desktop\west-brother\build\classes\java\main\com\bgwb0007\intro\springboot\Application.class]
21:51:38.593 [Test worker] INFO org.springframework.boot.test.context.SpringBootTestContextBootstrapper - Found @SpringBootConfiguration com.bgwb0007.intro.springboot.Application for test class com.bgwb0007.intro.springboot.domain.profiles.ProfilesRepositoryTest
21:51:38.707 [Test worker] DEBUG org.springframework.boot.test.context.SpringBootTestContextBootstrapper - @TestExecutionListeners is not present for class [com.bgwb0007.intro.springboot.domain.profiles.ProfilesRepositoryTest]: using defaults.
21:51:38.708 [Test worker] INFO org.springframework.boot.test.context.SpringBootTestContextBootstrapper - Loaded default TestExecutionListener class names from location [META-INF/spring.factories]: [org.springframework.boot.test.autoconfigure.restdocs.RestDocsTestExecutionListener, org.springframework.boot.test.autoconfigure.web.client.MockRestServiceServerResetTestExecutionListener, org.springframework.boot.test.autoconfigure.web.servlet.MockMvcPrintOnlyOnFailureTestExecutionListener, org.springframework.boot.test.autoconfigure.web.servlet.WebDriverTestExecutionListener, org.springframework.boot.test.mock.mockito.MockitoTestExecutionListener, org.springframework.boot.test.mock.mockito.ResetMocksTestExecutionListener, org.springframework.test.context.web.ServletTestExecutionListener, org.springframework.test.context.support.DirtiesContextBeforeModesTestExecutionListener, org.springframework.test.context.support.DependencyInjectionTestExecutionListener, org.springframework.test.context.support.DirtiesContextTestExecutionListener, org.springframework.test.context.transaction.TransactionalTestExecutionListener, org.springframework.test.context.jdbc.SqlScriptsTestExecutionListener]
21:51:38.739 [Test worker] INFO org.springframework.boot.test.context.SpringBootTestContextBootstrapper - Using TestExecutionListeners: [org.springframework.test.context.web.ServletTestExecutionListener@5ab3a77f, org.springframework.test.context.support.DirtiesContextBeforeModesTestExecutionListener@34f055c7, org.springframework.boot.test.mock.mockito.MockitoTestExecutionListener@648b7bc8, org.springframework.boot.test.autoconfigure.SpringBootDependencyInjectionTestExecutionListener@67f5ee9e, org.springframework.test.context.support.DirtiesContextTestExecutionListener@203a3540, org.springframework.test.context.transaction.TransactionalTestExecutionListener@165202ed, org.springframework.test.context.jdbc.SqlScriptsTestExecutionListener@29b86ed4, org.springframework.boot.test.autoconfigure.restdocs.RestDocsTestExecutionListener@61f1e463, org.springframework.boot.test.autoconfigure.web.client.MockRestServiceServerResetTestExecutionListener@10904d28, org.springframework.boot.test.autoconfigure.web.servlet.MockMvcPrintOnlyOnFailureTestExecutionListener@165370bd, org.springframework.boot.test.autoconfigure.web.servlet.WebDriverTestExecutionListener@7cf7726d, org.springframework.boot.test.mock.mockito.ResetMocksTestExecutionListener@12cb536c]
21:51:38.742 [Test worker] DEBUG org.springframework.test.annotation.ProfileValueUtils - Retrieved @ProfileValueSourceConfiguration [null] for test class [com.bgwb0007.intro.springboot.domain.profiles.ProfilesRepositoryTest]
21:51:38.743 [Test worker] DEBUG org.springframework.test.annotation.ProfileValueUtils - Retrieved ProfileValueSource type [class org.springframework.test.annotation.SystemProfileValueSource] for class [com.bgwb0007.intro.springboot.domain.profiles.ProfilesRepositoryTest]
21:51:38.743 [Test worker] DEBUG org.springframework.test.annotation.ProfileValueUtils - Retrieved @ProfileValueSourceConfiguration [null] for test class [com.bgwb0007.intro.springboot.domain.profiles.ProfilesRepositoryTest]
21:51:38.744 [Test worker] DEBUG org.springframework.test.annotation.ProfileValueUtils - Retrieved ProfileValueSource type [class org.springframework.test.annotation.SystemProfileValueSource] for class [com.bgwb0007.intro.springboot.domain.profiles.ProfilesRepositoryTest]
21:51:38.750 [Test worker] DEBUG org.springframework.test.context.support.AbstractDirtiesContextTestExecutionListener - Before test class: context [DefaultTestContext@6bb1238c testClass = ProfilesRepositoryTest, testInstance = [null], testMethod = [null], testException = [null], mergedContextConfiguration = [WebMergedContextConfiguration@18187fe6 testClass = ProfilesRepositoryTest, locations = '{}', classes = '{class com.bgwb0007.intro.springboot.Application}', contextInitializerClasses = '[]', activeProfiles = '{}', propertySourceLocations = '{}', propertySourceProperties = '{org.springframework.boot.test.context.SpringBootTestContextBootstrapper=true}', contextCustomizers = set[org.springframework.boot.test.autoconfigure.properties.PropertyMappingContextCustomizer@0, org.springframework.boot.test.autoconfigure.web.servlet.WebDriverContextCustomizerFactory$Customizer@3fd3df33, org.springframework.boot.test.context.filter.ExcludeFilterContextCustomizer@23ebf0ea, org.springframework.boot.test.json.DuplicateJsonObjectContextCustomizerFactory$DuplicateJsonObjectContextCustomizer@26b8fd17, org.springframework.boot.test.mock.mockito.MockitoContextCustomizer@0, org.springframework.boot.test.web.client.TestRestTemplateContextCustomizer@3f8ac17e], resourceBasePath = 'src/main/webapp', contextLoader = 'org.springframework.boot.test.context.SpringBootContextLoader', parent = [null]], attributes = map['org.springframework.test.context.web.ServletTestExecutionListener.activateListener' -> true]], class annotated with @DirtiesContext [false] with mode [null].
21:51:38.751 [Test worker] DEBUG org.springframework.test.annotation.ProfileValueUtils - Retrieved @ProfileValueSourceConfiguration [null] for test class [com.bgwb0007.intro.springboot.domain.profiles.ProfilesRepositoryTest]
21:51:38.751 [Test worker] DEBUG org.springframework.test.annotation.ProfileValueUtils - Retrieved ProfileValueSource type [class org.springframework.test.annotation.SystemProfileValueSource] for class [com.bgwb0007.intro.springboot.domain.profiles.ProfilesRepositoryTest]
21:51:38.774 [Test worker] DEBUG org.springframework.test.context.support.TestPropertySourceUtils - Adding inlined properties to environment: {spring.jmx.enabled=false, org.springframework.boot.test.context.SpringBootTestContextBootstrapper=true, server.port=-1}

  .   ____          _            __ _ _
 /\\ / ___'_ __ _ _(_)_ __  __ _ \ \ \ \
( ( )\___ | '_ | '_| | '_ \/ _` | \ \ \ \
 \\/  ___)| |_)| | | | | || (_| |  ) ) ) )
  '  |____| .__|_| |_|_| |_\__, | / / / /
 =========|_|==============|___/=/_/_/_/
 :: Spring Boot ::        (v2.1.9.RELEASE)

2022-06-02 21:51:39.074  INFO 34464 --- [    Test worker] c.b.i.s.d.p.ProfilesRepositoryTest       : Starting ProfilesRepositoryTest on LAPTOP-OPVE6PBK with PID 34464 (started by bgwb0 in C:\Users\bgwb0\Desktop\west-brother)
2022-06-02 21:51:39.075  INFO 34464 --- [    Test worker] c.b.i.s.d.p.ProfilesRepositoryTest       : No active profile set, falling back to default profiles: default
2022-06-02 21:51:40.094  INFO 34464 --- [    Test worker] .s.d.r.c.RepositoryConfigurationDelegate : Bootstrapping Spring Data repositories in DEFAULT mode.
2022-06-02 21:51:40.220  INFO 34464 --- [    Test worker] .s.d.r.c.RepositoryConfigurationDelegate : Finished Spring Data repository scanning in 116ms. Found 4 repository interfaces.
2022-06-02 21:51:40.711  INFO 34464 --- [    Test worker] trationDelegate$BeanPostProcessorChecker : Bean 'org.springframework.transaction.annotation.ProxyTransactionManagementConfiguration' of type [org.springframework.transaction.annotation.ProxyTransactionManagementConfiguration$$EnhancerBySpringCGLIB$$858eee44] is not eligible for getting processed by all BeanPostProcessors (for example: not eligible for auto-proxying)
2022-06-02 21:51:41.014  INFO 34464 --- [    Test worker] com.zaxxer.hikari.HikariDataSource       : HikariPool-1 - Starting...
2022-06-02 21:51:41.204  INFO 34464 --- [    Test worker] com.zaxxer.hikari.HikariDataSource       : HikariPool-1 - Start completed.
2022-06-02 21:51:41.312  INFO 34464 --- [    Test worker] o.hibernate.jpa.internal.util.LogHelper  : HHH000204: Processing PersistenceUnitInfo [
	name: default
	...]
2022-06-02 21:51:41.401  INFO 34464 --- [    Test worker] org.hibernate.Version                    : HHH000412: Hibernate Core {5.3.12.Final}
2022-06-02 21:51:41.403  INFO 34464 --- [    Test worker] org.hibernate.cfg.Environment            : HHH000206: hibernate.properties not found
2022-06-02 21:51:41.621  INFO 34464 --- [    Test worker] o.hibernate.annotations.common.Version   : HCANN000001: Hibernate Commons Annotations {5.0.4.Final}
2022-06-02 21:51:41.827  INFO 34464 --- [    Test worker] org.hibernate.dialect.Dialect            : HHH000400: Using dialect: org.hibernate.dialect.H2Dialect
2022-06-02 21:51:42.064  WARN 34464 --- [    Test worker] org.hibernate.cfg.AnnotationBinder       : HHH000457: Joined inheritance hierarchy [com.bgwb0007.intro.springboot.domain.resume.Resume] defined explicit @DiscriminatorColumn.  Legacy Hibernate behavior was to ignore the @DiscriminatorColumn.  However, as part of issue HHH-6911 we now apply the explicit @DiscriminatorColumn.  If you would prefer the legacy behavior, enable the `hibernate.discriminator.ignore_explicit_for_joined` setting (hibernate.discriminator.ignore_explicit_for_joined=true)
Hibernate: drop table contact if exists
Hibernate: drop table posts if exists
Hibernate: drop table profiles if exists
Hibernate: drop table resume if exists
Hibernate: create table contact (id bigint generated by default as identity, created_date timestamp, modified_date timestamp, eng_name varchar(100), logo_file_name varchar(100), logo_path varchar(100), name varchar(100) not null, site_id varchar(250), site_url varchar(250), sort_order integer, profiles_id bigint, primary key (id))
Hibernate: create table posts (id bigint generated by default as identity, created_date timestamp, modified_date timestamp, author varchar(255), content TEXT not null, title varchar(500) not null, primary key (id))
Hibernate: create table profiles (id bigint generated by default as identity, created_date timestamp, modified_date timestamp, content TEXT, name varchar(100) not null, photo_file_name varchar(255), photo_path varchar(255), primary key (id))
Hibernate: create table resume (dtype varchar(31) not null, id bigint generated by default as identity, created_date timestamp, modified_date timestamp, content TEXT, title varchar(250) not null, primary key (id))
Hibernate: alter table contact add constraint FK8iuwtavteankqpqp44xt0p9g5 foreign key (profiles_id) references profiles
2022-06-02 21:51:42.777  INFO 34464 --- [    Test worker] o.h.t.schema.internal.SchemaCreatorImpl  : HHH000476: Executing import script 'org.hibernate.tool.schema.internal.exec.ScriptSourceInputNonExistentImpl@23729dd8'
2022-06-02 21:51:42.782  INFO 34464 --- [    Test worker] j.LocalContainerEntityManagerFactoryBean : Initialized JPA EntityManagerFactory for persistence unit 'default'
2022-06-02 21:51:43.207  INFO 34464 --- [    Test worker] o.h.h.i.QueryTranslatorFactoryInitiator  : HHH000397: Using ASTQueryTranslatorFactory
2022-06-02 21:51:44.535  INFO 34464 --- [    Test worker] o.s.s.concurrent.ThreadPoolTaskExecutor  : Initializing ExecutorService 'applicationTaskExecutor'
2022-06-02 21:51:44.609  WARN 34464 --- [    Test worker] aWebConfiguration$JpaWebMvcConfiguration : spring.jpa.open-in-view is enabled by default. Therefore, database queries may be performed during view rendering. Explicitly configure spring.jpa.open-in-view to disable this warning
2022-06-02 21:51:44.673  INFO 34464 --- [    Test worker] o.s.b.a.w.s.WelcomePageHandlerMapping    : Adding welcome page template: index
2022-06-02 21:51:45.266  INFO 34464 --- [    Test worker] s.a.ScheduledAnnotationBeanPostProcessor : No TaskScheduler/ScheduledExecutorService bean found for scheduled processing
2022-06-02 21:51:45.281  INFO 34464 --- [    Test worker] c.b.i.s.d.p.ProfilesRepositoryTest       : Started ProfilesRepositoryTest in 6.496 seconds (JVM running for 8.568)
Hibernate: insert into profiles (id, created_date, modified_date, content, name, photo_file_name, photo_path) values (null, ?, ?, ?, ?, ?, ?)
Hibernate: select profiles0_.id as id1_2_, profiles0_.created_date as created_2_2_, profiles0_.modified_date as modified3_2_, profiles0_.content as content4_2_, profiles0_.name as name5_2_, profiles0_.photo_file_name as photo_fi6_2_, profiles0_.photo_path as photo_pa7_2_ from profiles profiles0_
Hibernate: select profiles0_.id as id1_2_, profiles0_.created_date as created_2_2_, profiles0_.modified_date as modified3_2_, profiles0_.content as content4_2_, profiles0_.name as name5_2_, profiles0_.photo_file_name as photo_fi6_2_, profiles0_.photo_path as photo_pa7_2_ from profiles profiles0_
Hibernate: delete from profiles where id=?
]]></system-out>
  <system-err><![CDATA[]]></system-err>
</testsuite>
