<?xml version="1.0" encoding="UTF-8"?>
<testsuite name="com.bgwb0007.intro.springboot.web.TestControllerTest" tests="1" skipped="0" failures="0" errors="0" timestamp="2022-06-02T12:51:50" hostname="LAPTOP-OPVE6PBK" time="0.031">
  <properties/>
  <testcase name="test가_리턴된다" classname="com.bgwb0007.intro.springboot.web.TestControllerTest" time="0.031"/>
  <system-out><![CDATA[2022-06-02 21:51:49.474  INFO 34464 --- [    Test worker] .b.t.a.w.s.WebMvcTestContextBootstrapper : Neither @ContextConfiguration nor @ContextHierarchy found for test class [com.bgwb0007.intro.springboot.web.TestControllerTest], using SpringBootContextLoader
2022-06-02 21:51:49.476  INFO 34464 --- [    Test worker] o.s.t.c.support.AbstractContextLoader    : Could not detect default resource locations for test class [com.bgwb0007.intro.springboot.web.TestControllerTest]: no resource found for suffixes {-context.xml, Context.groovy}.
2022-06-02 21:51:49.476  INFO 34464 --- [    Test worker] t.c.s.AnnotationConfigContextLoaderUtils : Could not detect default configuration classes for test class [com.bgwb0007.intro.springboot.web.TestControllerTest]: TestControllerTest does not declare any static, non-private, non-final, nested classes annotated with @Configuration.
2022-06-02 21:51:49.511  INFO 34464 --- [    Test worker] .b.t.c.SpringBootTestContextBootstrapper : Found @SpringBootConfiguration com.bgwb0007.intro.springboot.Application for test class com.bgwb0007.intro.springboot.web.TestControllerTest
2022-06-02 21:51:49.512  INFO 34464 --- [    Test worker] .b.t.a.w.s.WebMvcTestContextBootstrapper : Loaded default TestExecutionListener class names from location [META-INF/spring.factories]: [org.springframework.boot.test.autoconfigure.restdocs.RestDocsTestExecutionListener, org.springframework.boot.test.autoconfigure.web.client.MockRestServiceServerResetTestExecutionListener, org.springframework.boot.test.autoconfigure.web.servlet.MockMvcPrintOnlyOnFailureTestExecutionListener, org.springframework.boot.test.autoconfigure.web.servlet.WebDriverTestExecutionListener, org.springframework.boot.test.mock.mockito.MockitoTestExecutionListener, org.springframework.boot.test.mock.mockito.ResetMocksTestExecutionListener, org.springframework.test.context.web.ServletTestExecutionListener, org.springframework.test.context.support.DirtiesContextBeforeModesTestExecutionListener, org.springframework.test.context.support.DependencyInjectionTestExecutionListener, org.springframework.test.context.support.DirtiesContextTestExecutionListener, org.springframework.test.context.transaction.TransactionalTestExecutionListener, org.springframework.test.context.jdbc.SqlScriptsTestExecutionListener]
2022-06-02 21:51:49.512  INFO 34464 --- [    Test worker] .b.t.a.w.s.WebMvcTestContextBootstrapper : Using TestExecutionListeners: [org.springframework.test.context.web.ServletTestExecutionListener@6362e1d3, org.springframework.test.context.support.DirtiesContextBeforeModesTestExecutionListener@6282876b, org.springframework.boot.test.mock.mockito.MockitoTestExecutionListener@235dcdce, org.springframework.boot.test.autoconfigure.SpringBootDependencyInjectionTestExecutionListener@70b6ce7e, org.springframework.test.context.support.DirtiesContextTestExecutionListener@42ed5c2, org.springframework.test.context.transaction.TransactionalTestExecutionListener@72e1a3f3, org.springframework.test.context.jdbc.SqlScriptsTestExecutionListener@3f9f33dc, org.springframework.boot.test.autoconfigure.restdocs.RestDocsTestExecutionListener@799cdf6f, org.springframework.boot.test.autoconfigure.web.client.MockRestServiceServerResetTestExecutionListener@bee955b, org.springframework.boot.test.autoconfigure.web.servlet.MockMvcPrintOnlyOnFailureTestExecutionListener@74ef41ee, org.springframework.boot.test.autoconfigure.web.servlet.WebDriverTestExecutionListener@32a89d7c, org.springframework.boot.test.mock.mockito.ResetMocksTestExecutionListener@2d505be1]

  .   ____          _            __ _ _
 /\\ / ___'_ __ _ _(_)_ __  __ _ \ \ \ \
( ( )\___ | '_ | '_| | '_ \/ _` | \ \ \ \
 \\/  ___)| |_)| | | | | || (_| |  ) ) ) )
  '  |____| .__|_| |_|_| |_\__, | / / / /
 =========|_|==============|___/=/_/_/_/
 :: Spring Boot ::        (v2.1.9.RELEASE)

2022-06-02 21:51:49.573  INFO 34464 --- [    Test worker] c.b.i.springboot.web.TestControllerTest  : Starting TestControllerTest on LAPTOP-OPVE6PBK with PID 34464 (started by bgwb0 in C:\Users\bgwb0\Desktop\west-brother)
2022-06-02 21:51:49.574  INFO 34464 --- [    Test worker] c.b.i.springboot.web.TestControllerTest  : No active profile set, falling back to default profiles: default
2022-06-02 21:51:50.434  INFO 34464 --- [    Test worker] o.s.s.concurrent.ThreadPoolTaskExecutor  : Initializing ExecutorService 'applicationTaskExecutor'
2022-06-02 21:51:50.492  INFO 34464 --- [    Test worker] o.s.b.a.w.s.WelcomePageHandlerMapping    : Adding welcome page template: index
2022-06-02 21:51:50.714  INFO 34464 --- [    Test worker] o.s.b.t.m.w.SpringBootMockServletContext : Initializing Spring TestDispatcherServlet ''
2022-06-02 21:51:50.714  INFO 34464 --- [    Test worker] o.s.t.web.servlet.TestDispatcherServlet  : Initializing Servlet ''
2022-06-02 21:51:50.718  INFO 34464 --- [    Test worker] o.s.t.web.servlet.TestDispatcherServlet  : Completed initialization in 4 ms
2022-06-02 21:51:50.747  INFO 34464 --- [    Test worker] c.b.i.springboot.web.TestControllerTest  : Started TestControllerTest in 1.231 seconds (JVM running for 14.034)
]]></system-out>
  <system-err><![CDATA[]]></system-err>
</testsuite>
