<?xml version="1.0" encoding="UTF-8"?>
<testsuite name="com.bgwb0007.intro.springboot.web.ProfilesApiControllerTest" tests="1" skipped="0" failures="0" errors="0" timestamp="2022-06-02T12:51:49" hostname="LAPTOP-OPVE6PBK" time="0.048">
  <properties/>
  <testcase name="Profiles_수정하기" classname="com.bgwb0007.intro.springboot.web.ProfilesApiControllerTest" time="0.048"/>
  <system-out><![CDATA[2022-06-02 21:51:49.407  INFO 34464 --- [    Test worker] .b.t.c.SpringBootTestContextBootstrapper : Neither @ContextConfiguration nor @ContextHierarchy found for test class [com.bgwb0007.intro.springboot.web.ProfilesApiControllerTest], using SpringBootContextLoader
2022-06-02 21:51:49.408  INFO 34464 --- [    Test worker] o.s.t.c.support.AbstractContextLoader    : Could not detect default resource locations for test class [com.bgwb0007.intro.springboot.web.ProfilesApiControllerTest]: no resource found for suffixes {-context.xml, Context.groovy}.
2022-06-02 21:51:49.408  INFO 34464 --- [    Test worker] t.c.s.AnnotationConfigContextLoaderUtils : Could not detect default configuration classes for test class [com.bgwb0007.intro.springboot.web.ProfilesApiControllerTest]: ProfilesApiControllerTest does not declare any static, non-private, non-final, nested classes annotated with @Configuration.
2022-06-02 21:51:49.410  INFO 34464 --- [    Test worker] .b.t.c.SpringBootTestContextBootstrapper : Found @SpringBootConfiguration com.bgwb0007.intro.springboot.Application for test class com.bgwb0007.intro.springboot.web.ProfilesApiControllerTest
2022-06-02 21:51:49.411  INFO 34464 --- [    Test worker] .b.t.c.SpringBootTestContextBootstrapper : Loaded default TestExecutionListener class names from location [META-INF/spring.factories]: [org.springframework.boot.test.autoconfigure.restdocs.RestDocsTestExecutionListener, org.springframework.boot.test.autoconfigure.web.client.MockRestServiceServerResetTestExecutionListener, org.springframework.boot.test.autoconfigure.web.servlet.MockMvcPrintOnlyOnFailureTestExecutionListener, org.springframework.boot.test.autoconfigure.web.servlet.WebDriverTestExecutionListener, org.springframework.boot.test.mock.mockito.MockitoTestExecutionListener, org.springframework.boot.test.mock.mockito.ResetMocksTestExecutionListener, org.springframework.test.context.web.ServletTestExecutionListener, org.springframework.test.context.support.DirtiesContextBeforeModesTestExecutionListener, org.springframework.test.context.support.DependencyInjectionTestExecutionListener, org.springframework.test.context.support.DirtiesContextTestExecutionListener, org.springframework.test.context.transaction.TransactionalTestExecutionListener, org.springframework.test.context.jdbc.SqlScriptsTestExecutionListener]
2022-06-02 21:51:49.412  INFO 34464 --- [    Test worker] .b.t.c.SpringBootTestContextBootstrapper : Using TestExecutionListeners: [org.springframework.test.context.web.ServletTestExecutionListener@e2f67a9, org.springframework.test.context.support.DirtiesContextBeforeModesTestExecutionListener@4b44cd6, org.springframework.boot.test.mock.mockito.MockitoTestExecutionListener@551bd21e, org.springframework.boot.test.autoconfigure.SpringBootDependencyInjectionTestExecutionListener@ecea28a, org.springframework.test.context.support.DirtiesContextTestExecutionListener@7b298ed5, org.springframework.test.context.transaction.TransactionalTestExecutionListener@5dddaf9a, org.springframework.test.context.jdbc.SqlScriptsTestExecutionListener@56dd0d1d, org.springframework.boot.test.autoconfigure.restdocs.RestDocsTestExecutionListener@2dfc3fbe, org.springframework.boot.test.autoconfigure.web.client.MockRestServiceServerResetTestExecutionListener@1a9443f2, org.springframework.boot.test.autoconfigure.web.servlet.MockMvcPrintOnlyOnFailureTestExecutionListener@2a859e45, org.springframework.boot.test.autoconfigure.web.servlet.WebDriverTestExecutionListener@140edbed, org.springframework.boot.test.mock.mockito.ResetMocksTestExecutionListener@58c3071d]
Hibernate: insert into profiles (id, created_date, modified_date, content, name, photo_file_name, photo_path) values (null, ?, ?, ?, ?, ?, ?)
Hibernate: select profiles0_.id as id1_2_0_, profiles0_.created_date as created_2_2_0_, profiles0_.modified_date as modified3_2_0_, profiles0_.content as content4_2_0_, profiles0_.name as name5_2_0_, profiles0_.photo_file_name as photo_fi6_2_0_, profiles0_.photo_path as photo_pa7_2_0_ from profiles profiles0_ where profiles0_.id=?
Hibernate: update profiles set created_date=?, modified_date=?, content=?, name=?, photo_file_name=?, photo_path=? where id=?
Hibernate: select profiles0_.id as id1_2_, profiles0_.created_date as created_2_2_, profiles0_.modified_date as modified3_2_, profiles0_.content as content4_2_, profiles0_.name as name5_2_, profiles0_.photo_file_name as photo_fi6_2_, profiles0_.photo_path as photo_pa7_2_ from profiles profiles0_
Hibernate: select profiles0_.id as id1_2_, profiles0_.created_date as created_2_2_, profiles0_.modified_date as modified3_2_, profiles0_.content as content4_2_, profiles0_.name as name5_2_, profiles0_.photo_file_name as photo_fi6_2_, profiles0_.photo_path as photo_pa7_2_ from profiles profiles0_
Hibernate: delete from profiles where id=?
]]></system-out>
  <system-err><![CDATA[]]></system-err>
</testsuite>
