<?xml version="1.0" encoding="UTF-8"?>
<testsuite name="com.bgwb0007.intro.springboot.domain.posts.PostRepositoryTest" tests="2" skipped="0" failures="0" errors="0" timestamp="2022-06-02T12:51:45" hostname="LAPTOP-OPVE6PBK" time="0.033">
  <properties/>
  <testcase name="게시글저장_불러오기" classname="com.bgwb0007.intro.springboot.domain.posts.PostRepositoryTest" time="0.02"/>
  <testcase name="BaseTimeEntity_등록" classname="com.bgwb0007.intro.springboot.domain.posts.PostRepositoryTest" time="0.012"/>
  <system-out><![CDATA[2022-06-02 21:51:45.779  INFO 34464 --- [    Test worker] .b.t.c.SpringBootTestContextBootstrapper : Neither @ContextConfiguration nor @ContextHierarchy found for test class [com.bgwb0007.intro.springboot.domain.posts.PostRepositoryTest], using SpringBootContextLoader
2022-06-02 21:51:45.780  INFO 34464 --- [    Test worker] o.s.t.c.support.AbstractContextLoader    : Could not detect default resource locations for test class [com.bgwb0007.intro.springboot.domain.posts.PostRepositoryTest]: no resource found for suffixes {-context.xml, Context.groovy}.
2022-06-02 21:51:45.780  INFO 34464 --- [    Test worker] t.c.s.AnnotationConfigContextLoaderUtils : Could not detect default configuration classes for test class [com.bgwb0007.intro.springboot.domain.posts.PostRepositoryTest]: PostRepositoryTest does not declare any static, non-private, non-final, nested classes annotated with @Configuration.
2022-06-02 21:51:45.793  INFO 34464 --- [    Test worker] .b.t.c.SpringBootTestContextBootstrapper : Found @SpringBootConfiguration com.bgwb0007.intro.springboot.Application for test class com.bgwb0007.intro.springboot.domain.posts.PostRepositoryTest
2022-06-02 21:51:45.796  INFO 34464 --- [    Test worker] .b.t.c.SpringBootTestContextBootstrapper : Loaded default TestExecutionListener class names from location [META-INF/spring.factories]: [org.springframework.boot.test.autoconfigure.restdocs.RestDocsTestExecutionListener, org.springframework.boot.test.autoconfigure.web.client.MockRestServiceServerResetTestExecutionListener, org.springframework.boot.test.autoconfigure.web.servlet.MockMvcPrintOnlyOnFailureTestExecutionListener, org.springframework.boot.test.autoconfigure.web.servlet.WebDriverTestExecutionListener, org.springframework.boot.test.mock.mockito.MockitoTestExecutionListener, org.springframework.boot.test.mock.mockito.ResetMocksTestExecutionListener, org.springframework.test.context.web.ServletTestExecutionListener, org.springframework.test.context.support.DirtiesContextBeforeModesTestExecutionListener, org.springframework.test.context.support.DependencyInjectionTestExecutionListener, org.springframework.test.context.support.DirtiesContextTestExecutionListener, org.springframework.test.context.transaction.TransactionalTestExecutionListener, org.springframework.test.context.jdbc.SqlScriptsTestExecutionListener]
2022-06-02 21:51:45.796  INFO 34464 --- [    Test worker] .b.t.c.SpringBootTestContextBootstrapper : Using TestExecutionListeners: [org.springframework.test.context.web.ServletTestExecutionListener@188f250a, org.springframework.test.context.support.DirtiesContextBeforeModesTestExecutionListener@48e94d56, org.springframework.boot.test.mock.mockito.MockitoTestExecutionListener@49522df5, org.springframework.boot.test.autoconfigure.SpringBootDependencyInjectionTestExecutionListener@4196564f, org.springframework.test.context.support.DirtiesContextTestExecutionListener@20509c02, org.springframework.test.context.transaction.TransactionalTestExecutionListener@22d1f6a3, org.springframework.test.context.jdbc.SqlScriptsTestExecutionListener@7ab45a89, org.springframework.boot.test.autoconfigure.restdocs.RestDocsTestExecutionListener@9e34fbe, org.springframework.boot.test.autoconfigure.web.client.MockRestServiceServerResetTestExecutionListener@2d77620c, org.springframework.boot.test.autoconfigure.web.servlet.MockMvcPrintOnlyOnFailureTestExecutionListener@3efdef, org.springframework.boot.test.autoconfigure.web.servlet.WebDriverTestExecutionListener@58069f73, org.springframework.boot.test.mock.mockito.ResetMocksTestExecutionListener@4b0ba572]
Hibernate: insert into posts (id, created_date, modified_date, author, content, title) values (null, ?, ?, ?, ?, ?)
Hibernate: select posts0_.id as id1_1_, posts0_.created_date as created_2_1_, posts0_.modified_date as modified3_1_, posts0_.author as author4_1_, posts0_.content as content5_1_, posts0_.title as title6_1_ from posts posts0_
Hibernate: select posts0_.id as id1_1_, posts0_.created_date as created_2_1_, posts0_.modified_date as modified3_1_, posts0_.author as author4_1_, posts0_.content as content5_1_, posts0_.title as title6_1_ from posts posts0_
Hibernate: delete from posts where id=?
Hibernate: insert into posts (id, created_date, modified_date, author, content, title) values (null, ?, ?, ?, ?, ?)
Hibernate: select posts0_.id as id1_1_, posts0_.created_date as created_2_1_, posts0_.modified_date as modified3_1_, posts0_.author as author4_1_, posts0_.content as content5_1_, posts0_.title as title6_1_ from posts posts0_
>>>>>> createDate=2022-06-02T21:51:45.824, modifiedDate=2022-06-02T21:51:45.824
Hibernate: select posts0_.id as id1_1_, posts0_.created_date as created_2_1_, posts0_.modified_date as modified3_1_, posts0_.author as author4_1_, posts0_.content as content5_1_, posts0_.title as title6_1_ from posts posts0_
Hibernate: delete from posts where id=?
]]></system-out>
  <system-err><![CDATA[]]></system-err>
</testsuite>
