<?xml version="1.0" encoding="UTF-8"?>
<testsuite name="com.bgwb0007.intro.springboot.web.dto.IndexResponseDtoTest" tests="1" skipped="0" failures="0" errors="0" timestamp="2022-06-02T12:51:45" hostname="LAPTOP-OPVE6PBK" time="0.003">
  <properties/>
  <testcase name="롬복_기능_테스트" classname="com.bgwb0007.intro.springboot.web.dto.IndexResponseDtoTest" time="0.003"/>
  <system-out><![CDATA[]]></system-out>
  <system-err><![CDATA[]]></system-err>
</testsuite>
