<?xml version="1.0" encoding="UTF-8"?>
<testsuite name="com.bgwb0007.intro.springboot.domain.contact.ContactRepositoryTest" tests="1" skipped="0" failures="0" errors="0" timestamp="2022-06-02T12:51:45" hostname="LAPTOP-OPVE6PBK" time="0.073">
  <properties/>
  <testcase name="CONTACT_저장_후_전체조회" classname="com.bgwb0007.intro.springboot.domain.contact.ContactRepositoryTest" time="0.073"/>
  <system-out><![CDATA[2022-06-02 21:51:45.683  INFO 34464 --- [    Test worker] .b.t.c.SpringBootTestContextBootstrapper : Neither @ContextConfiguration nor @ContextHierarchy found for test class [com.bgwb0007.intro.springboot.domain.contact.ContactRepositoryTest], using SpringBootContextLoader
2022-06-02 21:51:45.684  INFO 34464 --- [    Test worker] o.s.t.c.support.AbstractContextLoader    : Could not detect default resource locations for test class [com.bgwb0007.intro.springboot.domain.contact.ContactRepositoryTest]: no resource found for suffixes {-context.xml, Context.groovy}.
2022-06-02 21:51:45.684  INFO 34464 --- [    Test worker] t.c.s.AnnotationConfigContextLoaderUtils : Could not detect default configuration classes for test class [com.bgwb0007.intro.springboot.domain.contact.ContactRepositoryTest]: ContactRepositoryTest does not declare any static, non-private, non-final, nested classes annotated with @Configuration.
2022-06-02 21:51:45.696  INFO 34464 --- [    Test worker] .b.t.c.SpringBootTestContextBootstrapper : Found @SpringBootConfiguration com.bgwb0007.intro.springboot.Application for test class com.bgwb0007.intro.springboot.domain.contact.ContactRepositoryTest
2022-06-02 21:51:45.698  INFO 34464 --- [    Test worker] .b.t.c.SpringBootTestContextBootstrapper : Loaded default TestExecutionListener class names from location [META-INF/spring.factories]: [org.springframework.boot.test.autoconfigure.restdocs.RestDocsTestExecutionListener, org.springframework.boot.test.autoconfigure.web.client.MockRestServiceServerResetTestExecutionListener, org.springframework.boot.test.autoconfigure.web.servlet.MockMvcPrintOnlyOnFailureTestExecutionListener, org.springframework.boot.test.autoconfigure.web.servlet.WebDriverTestExecutionListener, org.springframework.boot.test.mock.mockito.MockitoTestExecutionListener, org.springframework.boot.test.mock.mockito.ResetMocksTestExecutionListener, org.springframework.test.context.web.ServletTestExecutionListener, org.springframework.test.context.support.DirtiesContextBeforeModesTestExecutionListener, org.springframework.test.context.support.DependencyInjectionTestExecutionListener, org.springframework.test.context.support.DirtiesContextTestExecutionListener, org.springframework.test.context.transaction.TransactionalTestExecutionListener, org.springframework.test.context.jdbc.SqlScriptsTestExecutionListener]
2022-06-02 21:51:45.699  INFO 34464 --- [    Test worker] .b.t.c.SpringBootTestContextBootstrapper : Using TestExecutionListeners: [org.springframework.test.context.web.ServletTestExecutionListener@69586690, org.springframework.test.context.support.DirtiesContextBeforeModesTestExecutionListener@44fcc8d1, org.springframework.boot.test.mock.mockito.MockitoTestExecutionListener@707def1, org.springframework.boot.test.autoconfigure.SpringBootDependencyInjectionTestExecutionListener@22bed8d6, org.springframework.test.context.support.DirtiesContextTestExecutionListener@8f846f7, org.springframework.test.context.transaction.TransactionalTestExecutionListener@2ae0ad79, org.springframework.test.context.jdbc.SqlScriptsTestExecutionListener@13290e82, org.springframework.boot.test.autoconfigure.restdocs.RestDocsTestExecutionListener@47051c59, org.springframework.boot.test.autoconfigure.web.client.MockRestServiceServerResetTestExecutionListener@d8025b0, org.springframework.boot.test.autoconfigure.web.servlet.MockMvcPrintOnlyOnFailureTestExecutionListener@2224ca1c, org.springframework.boot.test.autoconfigure.web.servlet.WebDriverTestExecutionListener@79228dc4, org.springframework.boot.test.mock.mockito.ResetMocksTestExecutionListener@16aab16d]
Hibernate: insert into profiles (id, created_date, modified_date, content, name, photo_file_name, photo_path) values (null, ?, ?, ?, ?, ?, ?)
Hibernate: insert into contact (id, created_date, modified_date, eng_name, logo_file_name, logo_path, name, profiles_id, site_id, site_url, sort_order) values (null, ?, ?, ?, ?, ?, ?, ?, ?, ?, ?)
Hibernate: select contact0_.id as id1_0_, contact0_.created_date as created_2_0_, contact0_.modified_date as modified3_0_, contact0_.eng_name as eng_name4_0_, contact0_.logo_file_name as logo_fil5_0_, contact0_.logo_path as logo_pat6_0_, contact0_.name as name7_0_, contact0_.profiles_id as profile11_0_, contact0_.site_id as site_id8_0_, contact0_.site_url as site_url9_0_, contact0_.sort_order as sort_or10_0_ from contact contact0_ order by contact0_.sort_order asc
Hibernate: select profiles0_.id as id1_2_0_, profiles0_.created_date as created_2_2_0_, profiles0_.modified_date as modified3_2_0_, profiles0_.content as content4_2_0_, profiles0_.name as name5_2_0_, profiles0_.photo_file_name as photo_fi6_2_0_, profiles0_.photo_path as photo_pa7_2_0_ from profiles profiles0_ where profiles0_.id=?
Hibernate: select contact0_.id as id1_0_, contact0_.created_date as created_2_0_, contact0_.modified_date as modified3_0_, contact0_.eng_name as eng_name4_0_, contact0_.logo_file_name as logo_fil5_0_, contact0_.logo_path as logo_pat6_0_, contact0_.name as name7_0_, contact0_.profiles_id as profile11_0_, contact0_.site_id as site_id8_0_, contact0_.site_url as site_url9_0_, contact0_.sort_order as sort_or10_0_ from contact contact0_
Hibernate: select profiles0_.id as id1_2_0_, profiles0_.created_date as created_2_2_0_, profiles0_.modified_date as modified3_2_0_, profiles0_.content as content4_2_0_, profiles0_.name as name5_2_0_, profiles0_.photo_file_name as photo_fi6_2_0_, profiles0_.photo_path as photo_pa7_2_0_ from profiles profiles0_ where profiles0_.id=?
Hibernate: delete from contact where id=?
Hibernate: select profiles0_.id as id1_2_, profiles0_.created_date as created_2_2_, profiles0_.modified_date as modified3_2_, profiles0_.content as content4_2_, profiles0_.name as name5_2_, profiles0_.photo_file_name as photo_fi6_2_, profiles0_.photo_path as photo_pa7_2_ from profiles profiles0_
Hibernate: delete from profiles where id=?
]]></system-out>
  <system-err><![CDATA[]]></system-err>
</testsuite>
